<?xml version="1.0" encoding="UTF-8"?>
<testng-results ignored="0" total="0" passed="0" failed="0" skipped="0">
  <reporter-output>
  </reporter-output>
  <suite started-at="2023-12-13T02:32:56Z" name="Suite-1" finished-at="2023-12-13T02:32:56Z" duration-ms="8">
    <groups>
    </groups>
    <test started-at="2023-12-13T02:32:56Z" name="LoginAndValidateTitleOfPage" finished-at="2023-12-13T02:32:56Z" duration-ms="8">
    </test> <!-- LoginAndValidateTitleOfPage -->
  </suite> <!-- Suite-1 -->
</testng-results>
